proguard_logs/seeds.txt
com.yuedu.R$dimen: int activity_horizontal_margin
com.yuedu.R$dimen: int activity_vertical_margin
com.yuedu.R$drawable: int down
com.yuedu.R$drawable: int ic_launcher
com.yuedu.R$drawable: int list
com.yuedu.R$drawable: int next
com.yuedu.R$drawable: int pause
com.yuedu.R$drawable: int play
com.yuedu.R$drawable: int play_button_selector
com.yuedu.R$drawable: int progressbar
com.yuedu.R$id: int nexttune_ib
com.yuedu.R$id: int notification_icon
com.yuedu.R$id: int notification_next
com.yuedu.R$id: int notification_pause_or_play
com.yuedu.R$id: int notification_tune_name
com.yuedu.R$id: int options_menu_quit
com.yuedu.R$id: int play_ib
com.yuedu.R$id: int playlist_ib
com.yuedu.R$id: int playlist_ll
com.yuedu.R$id: int playlist_lv
com.yuedu.R$id: int tune_cover_iv
com.yuedu.R$id: int tune_info_tv
com.yuedu.R$id: int tune_item_info_tv
com.yuedu.R$id: int tune_item_thumb_iv
com.yuedu.R$id: int tune_item_time_tv
com.yuedu.R$id: int tune_item_title_tv
com.yuedu.R$id: int tune_name_tv
com.yuedu.R$id: int tune_played_time_tv
com.yuedu.R$id: int tune_progress_pb
com.yuedu.R$layout: int activity_main_player
com.yuedu.R$layout: int notification_layout
com.yuedu.R$layout: int playlist_item
com.yuedu.R$menu: int main_player
com.yuedu.R$string: int action_quit
com.yuedu.R$string: int app_name
com.yuedu.R$string: int author
com.yuedu.R$string: int player
com.yuedu.R$style: int AppBaseTheme
com.yuedu.R$style: int AppTheme
com.yuedu.fm.DataAccessor: com.yuedu.fm.DataAccessor[] values()
com.yuedu.fm.DataAccessor: com.yuedu.fm.DataAccessor valueOf(java.lang.String)
com.yuedu.fm.MainPlayer
com.yuedu.fm.MainPlayer: MainPlayer()
com.yuedu.fm.StreamingDownloadMediaPlayer$PlayerState: com.yuedu.fm.StreamingDownloadMediaPlayer$PlayerState[] values()
com.yuedu.fm.StreamingDownloadMediaPlayer$PlayerState: com.yuedu.fm.StreamingDownloadMediaPlayer$PlayerState valueOf(java.lang.String)
com.yuedu.fm.YueduNotificationManager: com.yuedu.fm.YueduNotificationManager[] values()
com.yuedu.fm.YueduNotificationManager: com.yuedu.fm.YueduNotificationManager valueOf(java.lang.String)
com.yuedu.fm.YueduService
com.yuedu.fm.YueduService: YueduService()
com.yuedu.image.AsyncTask$Status: com.yuedu.image.AsyncTask$Status[] values()
com.yuedu.image.AsyncTask$Status: com.yuedu.image.AsyncTask$Status valueOf(java.lang.String)
com.yuedu.image.RecyclingImageView: void setImageDrawable(android.graphics.drawable.Drawable)
...
javazoom.jl.player.JavaSoundAudioDevice
javazoom.jl.player.JavaSoundAudioDevice: javax.sound.sampled.SourceDataLine source
javazoom.jl.player.JavaSoundAudioDevice: javax.sound.sampled.AudioFormat fmt
javazoom.jl.player.JavaSoundAudioDevice: byte[] byteBuf
javazoom.jl.player.JavaSoundAudioDevice: JavaSoundAudioDevice()
javazoom.jl.player.JavaSoundAudioDevice: void setAudioFormat(javax.sound.sampled.AudioFormat)
javazoom.jl.player.JavaSoundAudioDevice: javax.sound.sampled.AudioFormat getAudioFormat()
javazoom.jl.player.JavaSoundAudioDevice: javax.sound.sampled.DataLine$Info getSourceLineInfo()
javazoom.jl.player.JavaSoundAudioDevice: void open(javax.sound.sampled.AudioFormat)
javazoom.jl.player.JavaSoundAudioDevice: void openImpl()
javazoom.jl.player.JavaSoundAudioDevice: void createSource()
javazoom.jl.player.JavaSoundAudioDevice: int millisecondsToBytes(javax.sound.sampled.AudioFormat,int)
javazoom.jl.player.JavaSoundAudioDevice: void closeImpl()
javazoom.jl.player.JavaSoundAudioDevice: void writeImpl(short[],int,int)
javazoom.jl.player.JavaSoundAudioDevice: byte[] getByteArray(int)
javazoom.jl.player.JavaSoundAudioDevice: byte[] toByteArray(short[],int,int)
javazoom.jl.player.JavaSoundAudioDevice: void flushImpl()
javazoom.jl.player.JavaSoundAudioDevice: int getPosition()
javazoom.jl.player.JavaSoundAudioDevice: void test()
javazoom.jl.player.JavaSoundAudioDeviceFactory
javazoom.jl.player.JavaSoundAudioDeviceFactory: boolean tested
javazoom.jl.player.JavaSoundAudioDeviceFactory: java.lang.String DEVICE_CLASS_NAME
javazoom.jl.player.JavaSoundAudioDeviceFactory: JavaSoundAudioDeviceFactory()
javazoom.jl.player.JavaSoundAudioDeviceFactory: javazoom.jl.player.AudioDevice createAudioDevice()
javazoom.jl.player.JavaSoundAudioDeviceFactory: javazoom.jl.player.JavaSoundAudioDevice createAudioDeviceImpl()
javazoom.jl.player.JavaSoundAudioDeviceFactory: void testAudioDevice()
javazoom.jl.player.NullAudioDevice
javazoom.jl.player.NullAudioDevice: NullAudioDevice()
javazoom.jl.player.NullAudioDevice: int getPosition()
javazoom.jl.player.Player
javazoom.jl.player.Player: int frame
javazoom.jl.player.Player: javazoom.jl.decoder.Bitstream bitstream
javazoom.jl.player.Player: javazoom.jl.decoder.Decoder decoder
javazoom.jl.player.Player: javazoom.jl.player.AudioDevice audio
javazoom.jl.player.Player: boolean closed
javazoom.jl.player.Player: boolean complete
javazoom.jl.player.Player: int lastPosition
javazoom.jl.player.Player: Player(java.io.InputStream)
javazoom.jl.player.Player: Player(java.io.InputStream,javazoom.jl.player.AudioDevice)
javazoom.jl.player.Player: void play()
javazoom.jl.player.Player: boolean play(int)
javazoom.jl.player.Player: void close()
javazoom.jl.player.Player: boolean isComplete()
javazoom.jl.player.Player: int getPosition()
javazoom.jl.player.Player: boolean decodeFrame()