proguard_logs/mapping.txt
com.yuedu.fm.DataAccessor -> com.yuedu.fm.a:
    com.yuedu.fm.DataAccessor SINGLE_INSTANCE -> a
    java.util.List mDataList -> b
    int mPlayingTuneIndex -> c
    com.loopj.android.http.AsyncHttpClient mHTTPClient -> d
    com.yuedu.fm.DataAccessor[] $VALUES -> e
    com.yuedu.fm.DataAccessor[] values() -> values
    com.yuedu.fm.DataAccessor valueOf(java.lang.String) -> valueOf
    java.util.List getDataList() -> a
    com.yuedu.fm.TuneInfo getPlayingTune() -> b
    int getPlayingTuneIndex() -> c
    void playTuneAtIndex(int) -> a
    com.yuedu.fm.TuneInfo playNextTune() -> d
    com.loopj.android.http.AsyncHttpClient getClient() -> e
    void setDataList(org.json.JSONArray,android.content.Context) -> a
    void downloadData(android.content.Context) -> a
    void access$000(com.yuedu.fm.DataAccessor,org.json.JSONArray,android.content.Context) -> a
com.yuedu.fm.DataAccessor$1 -> com.yuedu.fm.b:
    android.content.Context val$context -> a
    com.yuedu.fm.DataAccessor this$0 -> b
    void onSuccess(org.json.JSONObject) -> a
    void onFailure(java.lang.Throwable,org.json.JSONObject) -> a
com.yuedu.fm.MainPlayer -> com.yuedu.fm.MainPlayer:
    android.content.BroadcastReceiver mServiceBroadcastReceiver -> o
    com.yuedu.fm.MainPlayer$PlaylistAdapter mAdapter -> p
    android.widget.ListView mListView -> q
    android.widget.RelativeLayout mListViewContainer -> r
    android.widget.ImageView mImageView -> s
    com.yuedu.image.ImageFetcher mImageFetcher -> t
    android.widget.TextView mTitleView -> u
    android.widget.TextView mInfoView -> v
    android.widget.ImageButton mListButton -> w
    android.widget.ImageButton mPlayButton -> x
    android.widget.ImageButton mNextButton -> y
    android.widget.ProgressBar mProgressBar -> z
    android.widget.TextView mPlayedTimeTextView -> A
    android.content.BroadcastReceiver mNetworkStateReceiver -> B
    boolean $assertionsDisabled -> n
    void showLoading() -> r
    void hideLoading() -> s
    void setCurrentPosition(int) -> a
    android.widget.TextView getmPlayedTimeTextView() -> f
    android.widget.ProgressBar getmProgressBar() -> g
    int getCurrentPlayingTuneDuration() -> t
    android.widget.ListView getmListView() -> h
    android.widget.RelativeLayout getmListViewContainer() -> i
    com.yuedu.fm.MainPlayer$PlaylistAdapter getAdapter() -> j
    android.widget.ImageView getmImageView() -> k
    android.widget.TextView getmInfoView() -> l
    android.widget.TextView getmTitleView() -> m
    com.yuedu.image.ImageFetcher getmImageFetcher() -> n
    android.widget.ImageButton getmListButton() -> o
com.yuedu.fm.MainPlayer$1 -> com.yuedu.fm.c:
    com.yuedu.fm.MainPlayer this$0 -> a
    void onReceive(android.content.Context,android.content.Intent) -> onReceive
com.yuedu.fm.MainPlayer$2 -> com.yuedu.fm.d:
    com.yuedu.fm.MainPlayer this$0 -> a
    void onItemClick(android.widget.AdapterView,android.view.View,int,long) -> onItemClick
com.yuedu.fm.MainPlayer$3 -> com.yuedu.fm.e:
    com.yuedu.fm.MainPlayer this$0 -> a
    void onReceive(android.content.Context,android.content.Intent) -> onReceive
com.yuedu.fm.MainPlayer$4 -> com.yuedu.fm.f:
    com.yuedu.fm.MainPlayer this$0 -> a
    void onClick(android.view.View) -> onClick
com.yuedu.fm.MainPlayer$5 -> com.yuedu.fm.g:
    com.yuedu.fm.MainPlayer this$0 -> a
    void onClick(android.view.View) -> onClick
com.yuedu.fm.MainPlayer$6 -> com.yuedu.fm.h:
    com.yuedu.fm.MainPlayer this$0 -> a
    void onClick(android.view.View) -> onClick
com.yuedu.fm.MainPlayer$PlaylistAdapter -> com.yuedu.fm.i:
    android.view.LayoutInflater inflater -> b
    com.yuedu.image.ImageFetcher imageFetcher -> c
    boolean $assertionsDisabled -> a
    android.view.View getView(int,android.view.View,android.view.ViewGroup) -> getView
...
android.support.v4.widget.SlidingPaneLayout$1 -> android.support.v4.widget.p:
android.support.v4.widget.SlidingPaneLayout$DisableLayerRunnable -> android.support.v4.widget.q:
    android.view.View mChildView -> a
    android.support.v4.widget.SlidingPaneLayout this$0 -> b
    void run() -> run
android.support.v4.widget.SlidingPaneLayout$LayoutParams -> android.support.v4.widget.r:
    int[] ATTRS -> e
    float weight -> a
    boolean slideable -> b
    boolean dimWhenOffset -> c
    android.graphics.Paint dimPaint -> d
android.support.v4.widget.SlidingPaneLayout$PanelSlideListener -> android.support.v4.widget.s:
android.support.v4.widget.SlidingPaneLayout$SavedState -> android.support.v4.widget.SlidingPaneLayout$SavedState:
    boolean isOpen -> a
    android.os.Parcelable$Creator CREATOR -> CREATOR
    void writeToParcel(android.os.Parcel,int) -> writeToParcel
android.support.v4.widget.SlidingPaneLayout$SavedState$1 -> android.support.v4.widget.t:
    android.support.v4.widget.SlidingPaneLayout$SavedState createFromParcel(android.os.Parcel) -> a
    android.support.v4.widget.SlidingPaneLayout$SavedState[] newArray(int) -> a
    java.lang.Object[] newArray(int) -> newArray
    java.lang.Object createFromParcel(android.os.Parcel) -> createFromParcel
android.support.v4.widget.SlidingPaneLayout$SlidingPanelLayoutImpl -> android.support.v4.widget.u:
    void invalidateChildRegion(android.support.v4.widget.SlidingPaneLayout,android.view.View) -> a
android.support.v4.widget.SlidingPaneLayout$SlidingPanelLayoutImplBase -> android.support.v4.widget.v:
    void invalidateChildRegion(android.support.v4.widget.SlidingPaneLayout,android.view.View) -> a
android.support.v4.widget.SlidingPaneLayout$SlidingPanelLayoutImplJB -> android.support.v4.widget.w:
    java.lang.reflect.Method mGetDisplayList -> a
    java.lang.reflect.Field mRecreateDisplayList -> b
    void invalidateChildRegion(android.support.v4.widget.SlidingPaneLayout,android.view.View) -> a
android.support.v4.widget.SlidingPaneLayout$SlidingPanelLayoutImplJBMR1 -> android.support.v4.widget.x:
    void invalidateChildRegion(android.support.v4.widget.SlidingPaneLayout,android.view.View) -> a
android.support.v4.widget.ViewDragHelper -> android.support.v4.widget.y:
    int mDragState -> a
    int mTouchSlop -> b
    int mActivePointerId -> c
    float[] mInitialMotionX -> d
    float[] mInitialMotionY -> e
    float[] mLastMotionX -> f
    float[] mLastMotionY -> g
    int[] mInitialEdgesTouched -> h
    int[] mEdgeDragsInProgress -> i
    int[] mEdgeDragsLocked -> j
    int mPointersDown -> k
    android.view.VelocityTracker mVelocityTracker -> l
    float mMaxVelocity -> m
    float mMinVelocity -> n
    int mEdgeSize -> o
    int mTrackingEdges -> p
    android.support.v4.widget.ScrollerCompat mScroller -> q
    android.support.v4.widget.ViewDragHelper$Callback mCallback -> r
    android.view.View mCapturedView -> s
    boolean mReleaseInProgress -> t
    android.view.ViewGroup mParentView -> u
    android.view.animation.Interpolator sInterpolator -> v
    java.lang.Runnable mSetIdleRunnable -> w
    int getViewDragState() -> a
    int getEdgeSize() -> b
    void captureChildView(android.view.View,int) -> a
    android.view.View getCapturedView() -> c
    int getTouchSlop() -> d
    void cancel() -> e
    void abort() -> f
    boolean smoothSlideViewTo(android.view.View,int,int) -> a
    boolean settleCapturedViewAt(int,int) -> a
    boolean forceSettleCapturedViewAt(int,int,int,int) -> a
    int computeSettleDuration(android.view.View,int,int,int,int) -> a
    int computeAxisDuration(int,int,int) -> a
    int clampMag(int,int,int) -> b
android.support.v4.widget.ViewDragHelper$1 -> android.support.v4.widget.z:
    float getInterpolation(float) -> getInterpolation