proguard_logs/usage.txt
com.yuedu.BuildConfig
com.yuedu.R
com.yuedu.R$attr
com.yuedu.R$dimen
com.yuedu.R$drawable
com.yuedu.R$id
com.yuedu.R$layout
com.yuedu.R$menu
com.yuedu.R$string
com.yuedu.R$style
com.yuedu.fm.DataAccessor:
    public static final java.lang.String DATA_ACCESSOR_DOWNLOAD_COMPLETE_ACTION
    public static final java.lang.String DATA_ACCESSOR_DOWNLOAD_FAILED_ACTION
com.yuedu.fm.MainPlayer$RemoteControlReceiver
com.yuedu.fm.StreamingDownloadMediaPlayer:
    private static final int DISK_FILE_CACHE_INDEX
    private static final int DISK_FILE_CACHE_VERSION
    152:152:public com.yuedu.fm.StreamingDownloadMediaPlayer$PlayerState getState()
    156:156:public boolean isLooping()
    245:248:public void prepare()
    479:479:public void seekTo(long)
    507:507:public boolean isPrepared()
com.yuedu.fm.TuneInfo:
    24:35:public TuneInfo(int,java.lang.String,java.lang.String,java.lang.String,java.lang.String,java.lang.String,int,java.lang.String,java.lang.String,java.lang.String)
com.yuedu.fm.YueduNotificationManager:
    private static final int ONGOING_NOTIFICATION_ID
com.yuedu.fm.YueduService:
    protected static final java.lang.String PLAYER_SENDING_BROADCAST_ACTION
    protected static final java.lang.String PLAYER_RECEIVING_BROADCAST_ACTION
    protected static final java.lang.String PLAYER_SENDING_BROADCAST_CATEGORY_CURRENT_POSITION
    protected static final java.lang.String PLAYER_SENDING_BROADCAST_CATEGORY_PLAYER_WILL_PREPARE
    protected static final java.lang.String PLAYER_SENDING_BROADCAST_CATEGORY_PLAYER_PREPARED
    protected static final java.lang.String PLAYER_SENDING_BROADCAST_CATEGORY_PLAYER_WILL_PLAY
    protected static final java.lang.String PLAYER_SENDING_BROADCAST_CATEGORY_PLAYER_PLAYING
    protected static final java.lang.String PLAYER_SENDING_BROADCAST_CATEGORY_PLAYER_WILL_PAUSE
    protected static final java.lang.String PLAYER_SENDING_BROADCAST_CATEGORY_PLAYER_PAUSED
    protected static final java.lang.String PLAYER_SENDING_BROADCAST_CATEGORY_PLAYER_WILL_STOP
    protected static final java.lang.String PLAYER_SENDING_BROADCAST_CATEGORY_PLAYER_STOPPED
    protected static final java.lang.String PLAYER_SENDING_BROADCAST_CATEGORY_PLAYER_ERROR_OCCURRED
    protected static final java.lang.String PLAYER_SENDING_BROADCAST_CATEGORY_PLAYER_COMPLETE
    protected static final java.lang.String PLAYER_SENDING_BROADCAST_CATEGORY_PLAYER_STATE_REPORT
    protected static final java.lang.String PLAYER_RECEIVING_BROADCAST_CATEGORY_PLAY
    protected static final java.lang.String PLAYER_RECEIVING_BROADCAST_CATEGORY_PLAY_NEXT
com.yuedu.image.AsyncTask:
    private static final java.lang.String LOG_TAG
    private static final int CORE_POOL_SIZE
    private static final int MAXIMUM_POOL_SIZE
    private static final int KEEP_ALIVE
    private static final int MESSAGE_POST_RESULT
    private static final int MESSAGE_POST_PROGRESS
    333:334:public static void init()
    338:339:public static void setDefaultExecutor(java.util.concurrent.Executor)
    395:395:public final com.yuedu.image.AsyncTask$Status getStatus()
    571:571:public final java.lang.Object get()
    596:596:public final java.lang.Object get(long,java.util.concurrent.TimeUnit)
    702:703:public static void execute(java.lang.Runnable)
    721:725:protected final varargs void publishProgress(java.lang.Object[])
...
android.support.v4.widget.SimpleCursorAdapter$CursorToStringConverter
android.support.v4.widget.SimpleCursorAdapter$ViewBinder
android.support.v4.widget.SlidingPaneLayout:
    private static final java.lang.String TAG
    private static final int DEFAULT_OVERHANG_SIZE
    private static final int DEFAULT_FADE_COLOR
    private static final int MIN_FLING_VELOCITY
    246:247:public SlidingPaneLayout(android.content.Context)
    250:251:public SlidingPaneLayout(android.content.Context,android.util.AttributeSet)
    254:269:public SlidingPaneLayout(android.content.Context,android.util.AttributeSet,int)
    330:333:void dispatchOnPanelSlide(android.view.View)
    336:340:void dispatchOnPanelOpened(android.view.View)
    343:347:void dispatchOnPanelClosed(android.view.View)
    815:816:public void smoothSlideOpen()
    833:834:public void smoothSlideClosed()
    862:862:public boolean canSlide()
    876:889:private void onPanelDragged(int)
    1070:1089:protected boolean canScroll(android.view.View,boolean,int,int,int)
    90:90:static synthetic boolean access$100(android.support.v4.widget.SlidingPaneLayout)
    90:90:static synthetic android.support.v4.widget.ViewDragHelper access$200(android.support.v4.widget.SlidingPaneLayout)
    90:90:static synthetic float access$300(android.support.v4.widget.SlidingPaneLayout)
    90:90:static synthetic android.view.View access$400(android.support.v4.widget.SlidingPaneLayout)
    90:90:static synthetic boolean access$502(android.support.v4.widget.SlidingPaneLayout,boolean)
    90:90:static synthetic void access$600(android.support.v4.widget.SlidingPaneLayout,int)
android.support.v4.widget.SlidingPaneLayout$AccessibilityDelegate
android.support.v4.widget.SlidingPaneLayout$DragHelperCallback
android.support.v4.widget.SlidingPaneLayout$LayoutParams:
    1244:1245:public SlidingPaneLayout$LayoutParams(int,int)
    1256:1258:public SlidingPaneLayout$LayoutParams(android.support.v4.widget.SlidingPaneLayout$LayoutParams)
android.support.v4.widget.SlidingPaneLayout$PanelSlideListener:
    public abstract void onPanelSlide(android.view.View,float)
    public abstract void onPanelOpened(android.view.View)
    public abstract void onPanelClosed(android.view.View)
android.support.v4.widget.SlidingPaneLayout$SimplePanelSlideListener
android.support.v4.widget.ViewDragHelper:
    private static final java.lang.String TAG
    public static final int INVALID_POINTER
    public static final int STATE_IDLE
    public static final int STATE_DRAGGING
    public static final int STATE_SETTLING
    public static final int EDGE_LEFT
    public static final int EDGE_RIGHT
    public static final int EDGE_TOP
    public static final int EDGE_BOTTOM
    public static final int EDGE_ALL
    public static final int DIRECTION_HORIZONTAL
    public static final int DIRECTION_VERTICAL
    public static final int DIRECTION_ALL
    private static final int EDGE_SIZE
    private static final int BASE_SETTLE_DURATION
    private static final int MAX_SETTLE_DURATION
    347:347:public static android.support.v4.widget.ViewDragHelper create(android.view.ViewGroup,android.support.v4.widget.ViewDragHelper$Callback)
    360:362:public static android.support.v4.widget.ViewDragHelper create(android.view.ViewGroup,float,android.support.v4.widget.ViewDragHelper$Callback)
    373:392:private ViewDragHelper(android.content.Context,android.view.ViewGroup,android.support.v4.widget.ViewDragHelper$Callback)
    401:402:public void setMinVelocity(float)
    412:412:public float getMinVelocity()
    437:438:public void setEdgeTrackingEnabled(int)
    483:483:public int getActivePointerId()
    690:701:public void flingCapturedView(int,int,int,int)
    908:927:protected boolean canScroll(android.view.View,boolean,int,int,int,int)
android.support.v4.widget.ViewDragHelper$2
android.support.v4.widget.ViewDragHelper$Callback:
    148:148:public ViewDragHelper$Callback()